c:\users\sebas\source\repos\maths\maths\debug\vc142.pdb
c:\users\sebas\source\repos\maths\maths\debug\vc142.idb
c:\users\sebas\source\repos\maths\maths\debug\test.obj
c:\users\sebas\source\repos\maths\maths\debug\maths.obj
c:\users\sebas\onedrive\desktop\class work\code\maths\maths\debug\vc142.pdb
c:\users\sebas\onedrive\desktop\class work\code\maths\maths\debug\vc142.idb
c:\users\sebas\onedrive\desktop\class work\code\maths\maths\debug\test.obj
c:\users\sebas\onedrive\desktop\class work\code\maths\maths\debug\maths.obj
c:\users\sebas\source\repos\maths\debug\maths.exe
c:\users\sebas\source\repos\maths\debug\maths.ilk
c:\users\sebas\source\repos\maths\debug\maths.pdb
c:\users\sebas\onedrive\desktop\class work\code\maths\debug\maths.exe
c:\users\sebas\onedrive\desktop\class work\code\maths\debug\maths.ilk
c:\users\sebas\onedrive\desktop\class work\code\maths\debug\maths.pdb
c:\users\sebas\onedrive\desktop\class work\code\maths\maths\debug\maths.tlog\cl.command.1.tlog
c:\users\sebas\onedrive\desktop\class work\code\maths\maths\debug\maths.tlog\cl.read.1.tlog
c:\users\sebas\onedrive\desktop\class work\code\maths\maths\debug\maths.tlog\cl.write.1.tlog
c:\users\sebas\onedrive\desktop\class work\code\maths\maths\debug\maths.tlog\link.command.1.tlog
c:\users\sebas\onedrive\desktop\class work\code\maths\maths\debug\maths.tlog\link.read.1.tlog
c:\users\sebas\onedrive\desktop\class work\code\maths\maths\debug\maths.tlog\link.write.1.tlog
